生成启动时间为 2013/9/8 星期日 18:15:31。
     1>项目“D:\Cocos2dx\cocos2d-x-2.1.4\projects\BirdDash\proj.win32\BirdDash.vcxproj”在节点 2 上(Build 个目标)。
     1>ClCompile:
         C:\Program Files\Microsoft Visual Studio 11.0\VC\bin\CL.exe /c /I"D:\Cocos2dx\cocos2d-x-2.1.4\projects\BirdDash\proj.win32\..\..\..\plugin\publish\protocols\include" /I"D:\Cocos2dx\cocos2d-x-2.1.4\projects\BirdDash\proj.win32\..\..\..\cocos2dx" /I"D:\Cocos2dx\cocos2d-x-2.1.4\projects\BirdDash\proj.win32\..\..\..\cocos2dx\include" /I"D:\Cocos2dx\cocos2d-x-2.1.4\projects\BirdDash\proj.win32\..\..\..\cocos2dx\kazmath\include" /I"D:\Cocos2dx\cocos2d-x-2.1.4\projects\BirdDash\proj.win32\..\..\..\cocos2dx\platform\win32" /I"D:\Cocos2dx\cocos2d-x-2.1.4\projects\BirdDash\proj.win32\..\..\..\cocos2dx\platform\third_party\win32" /I"D:\Cocos2dx\cocos2d-x-2.1.4\projects\BirdDash\proj.win32\..\..\..\cocos2dx\platform\third_party\win32\OGLES" /I"D:\Cocos2dx\cocos2d-x-2.1.4\projects\BirdDash\proj.win32\..\..\..\external" /I"D:\Cocos2dx\cocos2d-x-2.1.4\projects\BirdDash\proj.win32\..\..\..\external\chipmunk\include\chipmunk" /I"D:\Cocos2dx\cocos2d-x-2.1.4\projects\BirdDash\proj.win32\..\..\..\CocosDenshion\include" /I"D:\Cocos2dx\cocos2d-x-2.1.4\projects\BirdDash\proj.win32\..\..\..\extensions" /I..\Classes /I.. /ZI /nologo /W3 /WX- /Od /Oy- /D WIN32 /D _DEBUG /D _WINDOWS /D _USE_MATH_DEFINES /D GL_GLEXT_PROTOTYPES /D CC_ENABLE_CHIPMUNK_INTEGRATION=1 /D COCOS2D_DEBUG=1 /D _CRT_SECURE_NO_WARNINGS /D _SCL_SECURE_NO_WARNINGS /D _UNICODE /D UNICODE /Gm /EHsc /RTC1 /MDd /GS /fp:precise /Zc:wchar_t /Zc:forScope /Fo"Debug.win32\\" /Fd"Debug.win32\vc110.pdb" /Gd /TP /wd4267 /wd4251 /wd4244 /analyze- /errorReport:prompt ..\Classes\game\components\ShakeBird.cpp ..\Classes\game\utils\BirdUtil.cpp
         BirdUtil.cpp
         正在生成代码...
         正在跳过...(未检测到相关更改)
         ShakeBird.cpp
       PreLinkEvent:
         if not exist "D:\Cocos2dx\cocos2d-x-2.1.4\Debug.win32\" mkdir "D:\Cocos2dx\cocos2d-x-2.1.4\Debug.win32\"
         xcopy /Y /Q "D:\Cocos2dx\cocos2d-x-2.1.4\projects\BirdDash\proj.win32\..\..\..\external\libwebsockets\win32\lib\*.*" "D:\Cocos2dx\cocos2d-x-2.1.4\Debug.win32\"
         :VCEnd
         复制了 2 个文件
       Link:
         C:\Program Files\Microsoft Visual Studio 11.0\VC\bin\link.exe /ERRORREPORT:PROMPT /OUT:"D:\Cocos2dx\cocos2d-x-2.1.4\Debug.win32\BirdDash.exe" /INCREMENTAL /NOLOGO /LIBPATH:"D:\Cocos2dx\cocos2d-x-2.1.4\Debug.win32\\" libExtensions.lib libcocos2d.lib libCocosDenshion.lib opengl32.lib glew32.lib libBox2d.lib libchipmunk.lib libcurl_imp.lib pthreadVCE2.lib websockets.lib kernel32.lib user32.lib gdi32.lib winspool.lib comdlg32.lib advapi32.lib shell32.lib ole32.lib oleaut32.lib uuid.lib odbc32.lib odbccp32.lib /MANIFEST /MANIFESTUAC:"level='asInvoker' uiAccess='false'" /manifest:embed /DEBUG /PDB:"D:\Cocos2dx\cocos2d-x-2.1.4\Debug.win32\BirdDash.pdb" /SUBSYSTEM:WINDOWS /TLBID:1 /DYNAMICBASE /NXCOMPAT /IMPLIB:"D:\Cocos2dx\cocos2d-x-2.1.4\Debug.win32\BirdDash.lib" /MACHINE:X86 /SAFESEH Debug.win32\AppDelegate.obj
         Debug.win32\BaseScene.obj
         Debug.win32\BaseSprite.obj
         Debug.win32\BaseUserDefault.obj
         Debug.win32\VisibleRect.obj
         Debug.win32\PauseLayer.obj
         Debug.win32\ShakeBird.obj
         Debug.win32\GameMain.obj
         Debug.win32\ClassicScene.obj
         Debug.win32\SettingScene.obj
         Debug.win32\BirdUtil.obj
         Debug.win32\main.obj
         "D:\Cocos2dx\cocos2d-x-2.1.4\Debug.win32\libcocos2d.lib"
         "D:\Cocos2dx\cocos2d-x-2.1.4\Debug.win32\libCocosDenshion.lib"
         "D:\Cocos2dx\cocos2d-x-2.1.4\Debug.win32\libExtensions.lib"
         "D:\Cocos2dx\cocos2d-x-2.1.4\Debug.win32\libBox2D.lib"
         "D:\Cocos2dx\cocos2d-x-2.1.4\Debug.win32\libchipmunk.lib"
         BirdDash.vcxproj -> D:\Cocos2dx\cocos2d-x-2.1.4\Debug.win32\BirdDash.exe
     1>已完成生成项目“D:\Cocos2dx\cocos2d-x-2.1.4\projects\BirdDash\proj.win32\BirdDash.vcxproj”(Build 个目标)的操作。

生成成功。

已用时间 00:00:05.45
